<?xml version="1.0" encoding="UTF-8"?>
<testng-results ignored="0" total="2" passed="2" failed="0" skipped="0">
  <reporter-output>
  </reporter-output>
  <suite started-at="2021-05-31T12:25:35Z" name="Default suite" finished-at="2021-05-31T12:25:39Z" duration-ms="4327">
    <groups>
    </groups>
    <test started-at="2021-05-31T12:25:35Z" name="Default test" finished-at="2021-05-31T12:25:39Z" duration-ms="4327">
      <class name="IBM.RestAssignment3.Testcase1">
        <test-method signature="datasourceexample(java.lang.String, java.lang.String, java.lang.String, java.lang.String)[pri:0, instance:IBM.RestAssignment3.Testcase1@21129f1f]" started-at="2021-05-31T12:25:36Z" name="datasourceexample" data-provider="Excel" finished-at="2021-05-31T12:25:39Z" duration-ms="2878" status="PASS">
          <params>
            <param index="0">
              <value is-null="true"/>
            </param>
            <param index="1">
              <value is-null="true"/>
            </param>
            <param index="2">
              <value is-null="true"/>
            </param>
            <param index="3">
              <value is-null="true"/>
            </param>
          </params>
          <reporter-output>
          </reporter-output>
        </test-method> <!-- datasourceexample -->
        <test-method signature="datasourceexample(java.lang.String, java.lang.String, java.lang.String, java.lang.String)[pri:0, instance:IBM.RestAssignment3.Testcase1@21129f1f]" started-at="2021-05-31T12:25:39Z" name="datasourceexample" data-provider="Excel" finished-at="2021-05-31T12:25:39Z" duration-ms="66" status="PASS">
          <params>
            <param index="0">
              <value>
                <![CDATA[Bhavani ]]>
              </value>
            </param>
            <param index="1">
              <value>
                <![CDATA[available]]>
              </value>
            </param>
            <param index="2">
              <value>
                <![CDATA[social]]>
              </value>
            </param>
            <param index="3">
              <value>
                <![CDATA[B]]>
              </value>
            </param>
          </params>
          <reporter-output>
          </reporter-output>
        </test-method> <!-- datasourceexample -->
      </class> <!-- IBM.RestAssignment3.Testcase1 -->
    </test> <!-- Default test -->
  </suite> <!-- Default suite -->
</testng-results>
